<?xml version="1.0" encoding="UTF-8"?>
<testsuite xmlns:xsi="http://www.w3.org/2001/XMLSchema-instance" xsi:noNamespaceSchemaLocation="https://maven.apache.org/surefire/maven-surefire-plugin/xsd/surefire-test-report-3.0.xsd" version="3.0" name="runners.TestRunner" time="13.405" tests="1" errors="0" skipped="0" failures="1">
  <properties>
[...]
</properties>
  <testcase name="Search for automation tester jobs" classname="Careers Search" time="12.928">
    <failure message="Expected exact title &apos;automation tester&apos; not found in search results. Found titles: [Consulting/Principal DBA, Senior Quality Test Engineer, Senior Quality Test Engineer II, Senior Site Reliability Engineer I, Site Reliability Engineer III]" type="java.lang.AssertionError"><![CDATA[java.lang.AssertionError: Expected exact title 'automation tester' not found in search results. Found titles: [Consulting/Principal DBA, Senior Quality Test Engineer, Senior Quality Test Engineer II, Senior Site Reliability Engineer I, Site Reliability Engineer III]
	at org.junit.Assert.fail(Assert.java:89)
	at stepdefinitions.CareersSteps.i_should_see_the_exact_job_title_in_the_search_results(CareersSteps.java:72)
	at ✽.I should see the exact job title "automation tester" in the search results(file:///C:/Users/Uzair.Akubat/OneDrive%20-%20Entain%20Group/Desktop/automation-excercise-2/src/test/resources/features/CareersSearch.feature:10)
]]></failure>
    <system-out><![CDATA[
Scenario: Search for automation tester jobs                                       # src/test/resources/features/CareersSearch.feature:3
  Given I open the risk.lexisnexis website                                        # stepdefinitions.CareersSteps.i_open_the_risk_lexisnexis_website()
  And I accept cookies                                                            # stepdefinitions.CareersSteps.i_accept_cookies()
  When I navigate to the Careers page                                             # stepdefinitions.CareersSteps.i_navigate_to_the_careers_page()
  Then I should see the Careers page                                              # stepdefinitions.CareersSteps.i_should_see_the_careers_page()
  When I click on Search jobs                                                     # stepdefinitions.CareersSteps.i_click_on_search_jobs()
  And I search for "automation tester"                                            # stepdefinitions.CareersSteps.i_search_for(java.lang.String)
  Then I should see the exact job title "automation tester" in the search results # stepdefinitions.CareersSteps.i_should_see_the_exact_job_title_in_the_search_results(java.lang.String)
      java.lang.AssertionError: Expected exact title 'automation tester' not found in search results. Found titles: [Consulting/Principal DBA, Senior Quality Test Engineer, Senior Quality Test Engineer II, Senior Site Reliability Engineer I, Site Reliability Engineer III]
	at org.junit.Assert.fail(Assert.java:89)
	at stepdefinitions.CareersSteps.i_should_see_the_exact_job_title_in_the_search_results(CareersSteps.java:72)
	at âœ½.I should see the exact job title "automation tester" in the search results(file:///C:/Users/Uzair.Akubat/OneDrive%20-%20Entain%20Group/Desktop/automation-excercise-2/src/test/resources/features/CareersSearch.feature:10)

]]></system-out>
    <system-err><![CDATA[SLF4J: Failed to load class "org.slf4j.impl.StaticLoggerBinder".
SLF4J: Defaulting to no-operation (NOP) logger implementation
SLF4J: See http://www.slf4j.org/codes.html#StaticLoggerBinder for further details.
1744123626082	geckodriver	INFO	Listening on 127.0.0.1:9607
1744123626334	mozrunner::runner	INFO	Running command: "C:\\Program Files\\Mozilla Firefox\\firefox.exe" "--marionette" "--remote-debugging-port" "28776" "--remote ... ost:28776/,http://[::1]:28776/" "-no-remote" "-profile" "C:\\Users\\UZAIR~1.AKU\\AppData\\Local\\Temp\\rust_mozprofilepO04eU"
console.warn: services.settings: Ignoring preference override of remote settings server
console.warn: services.settings: Allow by setting MOZ_REMOTE_SETTINGS_DEVTOOLS=1 in the environment
Dynamically enable window occlusion 0
1744123626956	Marionette	INFO	Marionette enabled
1744123627095	Marionette	INFO	Listening on port 56479
WebDriver BiDi listening on ws://127.0.0.1:28776
Read port: 56479
1744123627210	RemoteAgent	WARN	TLS certificate errors will be ignored for this session
JavaScript warning: https://player.vimeo.com/video/645348462?badge=0, line 107: unreachable code after return statement
JavaScript error: https://risk.lexisnexis.com/Areas/LNRS/js/Vendor/require.score.3.1.14.min.js, line 17: Error: Script error for "AdobeScript"
http://requirejs.org/docs/errors.html#scripterror
JavaScript warning: https://f.vimeocdn.com/p/4.40.37/js/player.module.js, line 2: Script terminated by timeout at:
nl/<@https://f.vimeocdn.com/p/4.40.37/js/player.module.js:2:106999

1744123637638	Marionette	INFO	Stopped listening on port 56479
JavaScript warning: https://www.googletagmanager.com/gtag/js?id=AW-940382430, line 163: Script terminated by timeout at:
uc@https://www.googletagmanager.com/gtag/js?id=AW-940382430:163:484
h.qn@https://www.googletagmanager.com/gtag/js?id=AW-940382430:531:198
Cx/<@https://www.googletagmanager.com/gtag/js?id=AW-940382430:530:164

Dynamically enable window occlusion 1
JavaScript error: , line 0: TypeError: NetworkError when attempting to fetch resource.
]]></system-err>
  </testcase>
</testsuite>